Using pre-set license
Built from '2021.3/staging' branch; Version is '2021.3.3f1 (af2e63e8f9bd) revision 11480675'; Using compiler version '192829333'; Build Type 'Release'
OS: 'Windows 11  (10.0.22621) 64bit Professional' Language: 'tr' Physical Memory: 16293 MB
BatchMode: 1, IsHumanControllingUs: 0, StartBugReporterOnCrash: 0, Is64bit: 1, IsPro: 1

COMMAND LINE ARGUMENTS:
C:\Program Files\Unity\Hub\Editor\2021.3.3f1\Editor\Unity.exe
-adb2
-batchMode
-noUpm
-name
AssetImportWorker3
-projectPath
C:/Users/spide/Desktop/MoneyRun
-logFile
Logs/AssetImportWorker3.log
-srvPort
52298
Successfully changed project path to: C:/Users/spide/Desktop/MoneyRun
C:/Users/spide/Desktop/MoneyRun
[UnityMemory] Configuration Parameters - Can be set up in boot.config
    "memorysetup-bucket-allocator-granularity=16"
    "memorysetup-bucket-allocator-bucket-count=8"
    "memorysetup-bucket-allocator-block-size=33554432"
    "memorysetup-bucket-allocator-block-count=8"
    "memorysetup-main-allocator-block-size=16777216"
    "memorysetup-thread-allocator-block-size=16777216"
    "memorysetup-gfx-main-allocator-block-size=16777216"
    "memorysetup-gfx-thread-allocator-block-size=16777216"
    "memorysetup-cache-allocator-block-size=4194304"
    "memorysetup-typetree-allocator-block-size=2097152"
    "memorysetup-profiler-bucket-allocator-granularity=16"
    "memorysetup-profiler-bucket-allocator-bucket-count=8"
    "memorysetup-profiler-bucket-allocator-block-size=33554432"
    "memorysetup-profiler-bucket-allocator-block-count=8"
    "memorysetup-profiler-allocator-block-size=16777216"
    "memorysetup-profiler-editor-allocator-block-size=1048576"
    "memorysetup-temp-allocator-size-main=16777216"
    "memorysetup-job-temp-allocator-block-size=2097152"
    "memorysetup-job-temp-allocator-block-size-background=1048576"
    "memorysetup-job-temp-allocator-reduction-small-platforms=262144"
    "memorysetup-temp-allocator-size-background-worker=32768"
    "memorysetup-temp-allocator-size-job-worker=262144"
    "memorysetup-temp-allocator-size-preload-manager=33554432"
    "memorysetup-temp-allocator-size-nav-mesh-worker=65536"
    "memorysetup-temp-allocator-size-audio-worker=65536"
    "memorysetup-temp-allocator-size-cloud-worker=32768"
    "memorysetup-temp-allocator-size-gi-baking-worker=262144"
    "memorysetup-temp-allocator-size-gfx=262144"
Refreshing native plugins compatible for Editor in 107.28 ms, found 3 plugins.
Preloading 0 native plugins for Editor in 0.00 ms.
Initialize engine version: 2021.3.3f1 (af2e63e8f9bd)
[Subsystems] Discovering subsystems at path C:/Program Files/Unity/Hub/Editor/2021.3.3f1/Editor/Data/Resources/UnitySubsystems
[Subsystems] Discovering subsystems at path C:/Users/spide/Desktop/MoneyRun/Assets
GfxDevice: creating device client; threaded=0; jobified=0
Direct3D:
    Version:  Direct3D 11.0 [level 11.1]
    Renderer: NVIDIA GeForce GTX 1660 SUPER (ID=0x21c4)
    Vendor:   NVIDIA
    VRAM:     5980 MB
    Driver:   31.0.15.3640
Initialize mono
Mono path[0] = 'C:/Program Files/Unity/Hub/Editor/2021.3.3f1/Editor/Data/Managed'
Mono path[1] = 'C:/Program Files/Unity/Hub/Editor/2021.3.3f1/Editor/Data/MonoBleedingEdge/lib/mono/unityjit-win32'
Mono config path = 'C:/Program Files/Unity/Hub/Editor/2021.3.3f1/Editor/Data/MonoBleedingEdge/etc'
Using monoOptions --debugger-agent=transport=dt_socket,embedding=1,server=y,suspend=n,address=127.0.0.1:56456
Begin MonoManager ReloadAssembly
Registering precompiled unity dll's ...
Register platform support module: C:/Program Files/Unity/Hub/Editor/2021.3.3f1/Editor/Data/PlaybackEngines/AndroidPlayer/UnityEditor.Android.Extensions.dll
Register platform support module: C:/Program Files/Unity/Hub/Editor/2021.3.3f1/Editor/Data/PlaybackEngines/WindowsStandaloneSupport/UnityEditor.WindowsStandalone.Extensions.dll
Registered in 0.005850 seconds.
Native extension for WindowsStandalone target not found
Native extension for Android target not found
Refreshing native plugins compatible for Editor in 85.36 ms, found 3 plugins.
Preloading 0 native plugins for Editor in 0.00 ms.
Mono: successfully reloaded assembly
- Completed reload, in  0.606 seconds
Domain Reload Profiling:
	ReloadAssembly (607ms)
		BeginReloadAssembly (67ms)
			ExecutionOrderSort (0ms)
			DisableScriptedObjects (0ms)
			BackupInstance (0ms)
			ReleaseScriptingObjects (0ms)
			CreateAndSetChildDomain (1ms)
		EndReloadAssembly (439ms)
			LoadAssemblies (65ms)
			RebuildTransferFunctionScriptingTraits (0ms)
			SetupTypeCache (98ms)
			ReleaseScriptCaches (0ms)
			RebuildScriptCaches (25ms)
			SetupLoadedEditorAssemblies (269ms)
				LogAssemblyErrors (0ms)
				InitializePlatformSupportModulesInManaged (54ms)
				SetLoadedEditorAssemblies (0ms)
				RefreshPlugins (85ms)
				BeforeProcessingInitializeOnLoad (2ms)
				ProcessInitializeOnLoadAttributes (87ms)
				ProcessInitializeOnLoadMethodAttributes (40ms)
				AfterProcessingInitializeOnLoad (0ms)
				EditorAssembliesLoaded (0ms)
			ExecutionOrderSort2 (0ms)
			AwakeInstancesAfterBackupRestoration (0ms)
Platform modules already initialized, skipping
Registering precompiled user dll's ...
Registered in 0.007609 seconds.
Begin MonoManager ReloadAssembly
Symbol file LoadedFromMemory doesn't match image C:\Users\spide\Desktop\MoneyRun\Library\PackageCache\com.unity.visualscripting@1.8.0\Editor\VisualScripting.Core\Dependencies\YamlDotNet\Unity.VisualScripting.YamlDotNet.dll
Symbol file LoadedFromMemory doesn't match image C:\Users\spide\Desktop\MoneyRun\Library\PackageCache\com.unity.visualscripting@1.8.0\Editor\VisualScripting.Core\Dependencies\DotNetZip\Unity.VisualScripting.IonicZip.dll
Native extension for WindowsStandalone target not found
Native extension for Android target not found
Refreshing native plugins compatible for Editor in 0.73 ms, found 3 plugins.
Preloading 0 native plugins for Editor in 0.00 ms.
Mono: successfully reloaded assembly
- Completed reload, in  1.216 seconds
Domain Reload Profiling:
	ReloadAssembly (1217ms)
		BeginReloadAssembly (212ms)
			ExecutionOrderSort (0ms)
			DisableScriptedObjects (7ms)
			BackupInstance (0ms)
			ReleaseScriptingObjects (0ms)
			CreateAndSetChildDomain (130ms)
		EndReloadAssembly (901ms)
			LoadAssemblies (70ms)
			RebuildTransferFunctionScriptingTraits (0ms)
			SetupTypeCache (262ms)
			ReleaseScriptCaches (1ms)
			RebuildScriptCaches (52ms)
			SetupLoadedEditorAssemblies (477ms)
				LogAssemblyErrors (0ms)
				InitializePlatformSupportModulesInManaged (12ms)
				SetLoadedEditorAssemblies (0ms)
				RefreshPlugins (1ms)
				BeforeProcessingInitializeOnLoad (76ms)
				ProcessInitializeOnLoadAttributes (361ms)
				ProcessInitializeOnLoadMethodAttributes (19ms)
				AfterProcessingInitializeOnLoad (7ms)
				EditorAssembliesLoaded (0ms)
			ExecutionOrderSort2 (0ms)
			AwakeInstancesAfterBackupRestoration (6ms)
Platform modules already initialized, skipping
========================================================================
Worker process is ready to serve import requests
Launched and connected shader compiler UnityShaderCompiler.exe after 0.05 seconds
Refreshing native plugins compatible for Editor in 0.81 ms, found 3 plugins.
Preloading 0 native plugins for Editor in 0.00 ms.
Unloading 3195 Unused Serialized files (Serialized files now loaded: 0)
Unloading 33 unused Assets / (57.3 KB). Loaded Objects now: 3686.
Memory consumption went from 145.3 MB to 145.3 MB.
Total: 3.401000 ms (FindLiveObjects: 0.318700 ms CreateObjectMapping: 0.087800 ms MarkObjects: 2.902500 ms  DeleteObjects: 0.090800 ms)

AssetImportParameters requested are different than current active one (requested -> active):
  custom:video-decoder-ogg-theora: a1e56fd34408186e4bbccfd4996cb3dc -> 
  custom:container-muxer-webm: aa71ff27fc2769a1b78a27578f13a17b -> 
  custom:container-demuxer-webm: 4f35f7cbe854078d1ac9338744f61a02 -> 
  custom:video-encoder-webm-vp8: eb34c28f22e8b96e1ab97ce403110664 -> 
  custom:audio-encoder-webm-vorbis: bf7c407c2cedff20999df2af8eb42d56 -> 
  custom:framework-win-MediaFoundation: 216162199b28c13a410421893ffa2e32 -> 
  custom:container-demuxer-ogg: 62fdf1f143b41e24485cea50d1cbac27 -> 
  custom:video-decoder-webm-vp8: 9c59270c3fd7afecdb556c50c9e8de78 -> 
  custom:audio-decoder-ogg-vorbis: bf7c407c2cedff20999df2af8eb42d56 -> 
========================================================================
Received Import Request.
  Time since last request: 384813.850513 seconds.
  path: Assets/MoneyRunnerAssets/MT_ATM/ButtonMaterial1.mat
  artifactKey: Guid(0d600e40a1b7ebe4ab8dced48929d8c1) Importer(815301076,1909f56bfc062723c751e8b465ee728b)
Start importing Assets/MoneyRunnerAssets/MT_ATM/ButtonMaterial1.mat using Guid(0d600e40a1b7ebe4ab8dced48929d8c1) Importer(815301076,1909f56bfc062723c751e8b465ee728b)  -> (artifact id: 'b45dcb93561fecc65596d2ad559280b4') in 0.139422 seconds 
========================================================================
Received Import Request.
  Time since last request: 1.203640 seconds.
  path: Assets/NiceVibrations/Demos/_Common/Fonts/RobotoMono-Light.ttf
  artifactKey: Guid(a1bc3be25cbcd914ab881b9f55281c1f) Importer(815301076,1909f56bfc062723c751e8b465ee728b)
Start importing Assets/NiceVibrations/Demos/_Common/Fonts/RobotoMono-Light.ttf using Guid(a1bc3be25cbcd914ab881b9f55281c1f) Importer(815301076,1909f56bfc062723c751e8b465ee728b)  -> (artifact id: 'b008c12dbb9cfa2e47d1c1b02bf61c05') in 0.043515 seconds 
========================================================================
Received Import Request.
  Time since last request: 0.000021 seconds.
  path: Assets/NiceVibrations/Demos/_Common/Fonts/RobotoMono-Bold.ttf
  artifactKey: Guid(34202502ade0b824f87ab4b85049f0c4) Importer(815301076,1909f56bfc062723c751e8b465ee728b)
Start importing Assets/NiceVibrations/Demos/_Common/Fonts/RobotoMono-Bold.ttf using Guid(34202502ade0b824f87ab4b85049f0c4) Importer(815301076,1909f56bfc062723c751e8b465ee728b)  -> (artifact id: 'd2cf0dabcf4bab5447503d52a09f2a20') in 0.026208 seconds 
========================================================================
Received Import Request.
  Time since last request: 0.000035 seconds.
  path: Assets/MoneyRunnerAssets/Machine.fbx
  artifactKey: Guid(276dcd890b4a6384ea3c452efb558ec6) Importer(815301076,1909f56bfc062723c751e8b465ee728b)
Start importing Assets/MoneyRunnerAssets/Machine.fbx using Guid(276dcd890b4a6384ea3c452efb558ec6) Importer(815301076,1909f56bfc062723c751e8b465ee728b)  -> (artifact id: '738339511b9ec55165bc54628c8eb3af') in 0.120688 seconds 
========================================================================
Received Import Request.
  Time since last request: 2.591824 seconds.
  path: Assets/VoodooPackages/SliderRamp/Demo/Materials/SliderRamp.mat
  artifactKey: Guid(f44be5b74dff742d59170389d6408b5a) Importer(815301076,1909f56bfc062723c751e8b465ee728b)
Start importing Assets/VoodooPackages/SliderRamp/Demo/Materials/SliderRamp.mat using Guid(f44be5b74dff742d59170389d6408b5a) Importer(815301076,1909f56bfc062723c751e8b465ee728b)  -> (artifact id: '65badcd89fefa09e808a15888728ace5') in 0.128164 seconds 
========================================================================
Received Import Request.
  Time since last request: 0.000027 seconds.
  path: Assets/VoodooPackages/SliderRamp/Demo/Materials/SliderRampCutoutDoubleSided.mat
  artifactKey: Guid(456d8ec8f0b60442193319eaf604f93f) Importer(815301076,1909f56bfc062723c751e8b465ee728b)
Start importing Assets/VoodooPackages/SliderRamp/Demo/Materials/SliderRampCutoutDoubleSided.mat using Guid(456d8ec8f0b60442193319eaf604f93f) Importer(815301076,1909f56bfc062723c751e8b465ee728b)  -> (artifact id: '2cb055bce097a1e57da34c905453e597') in 0.174941 seconds 
========================================================================
Received Import Request.
  Time since last request: 0.000031 seconds.
  path: Assets/VoodooPackages/SliderRamp/Demo/Materials/SliderRampDoubleSided.mat
  artifactKey: Guid(be542179459af4f0793431e2a5b2eaa6) Importer(815301076,1909f56bfc062723c751e8b465ee728b)
Start importing Assets/VoodooPackages/SliderRamp/Demo/Materials/SliderRampDoubleSided.mat using Guid(be542179459af4f0793431e2a5b2eaa6) Importer(815301076,1909f56bfc062723c751e8b465ee728b)  -> (artifact id: '542270728c93d6f5fbd266b4eb23e328') in 0.164136 seconds 
========================================================================
Received Import Request.
  Time since last request: 0.000028 seconds.
  path: Assets/VoodooPackages/SliderRamp/Demo/Materials/SliderRampSpecularRim.mat
  artifactKey: Guid(e96ed69f2803e4bfa8c32b22c705445d) Importer(815301076,1909f56bfc062723c751e8b465ee728b)
Start importing Assets/VoodooPackages/SliderRamp/Demo/Materials/SliderRampSpecularRim.mat using Guid(e96ed69f2803e4bfa8c32b22c705445d) Importer(815301076,1909f56bfc062723c751e8b465ee728b)  -> (artifact id: '058d1b863aadc2ec9729f2a863852070') in 0.132117 seconds 
========================================================================
Received Import Request.
  Time since last request: 32.901319 seconds.
  path: Assets/MoneyRunnerAssets/hand2 (1).fbx
  artifactKey: Guid(93e9ed9fc6b00094aa4e9f48935fe9a3) Importer(815301076,1909f56bfc062723c751e8b465ee728b)
Start importing Assets/MoneyRunnerAssets/hand2 (1).fbx using Guid(93e9ed9fc6b00094aa4e9f48935fe9a3) Importer(815301076,1909f56bfc062723c751e8b465ee728b)  -> (artifact id: '55acf50db1ac5faf66d590cf0040050a') in 0.076609 seconds 
========================================================================
Received Import Request.
  Time since last request: 0.000023 seconds.
  path: Assets/MoneyRunnerAssets/hand2.fbx
  artifactKey: Guid(1462ede1866b95a428d9a29d1bcbe827) Importer(815301076,1909f56bfc062723c751e8b465ee728b)
Start importing Assets/MoneyRunnerAssets/hand2.fbx using Guid(1462ede1866b95a428d9a29d1bcbe827) Importer(815301076,1909f56bfc062723c751e8b465ee728b)  -> (artifact id: '7a685d06d7b23ddc530df4f6cb50d8b9') in 0.037387 seconds 
Editor requested this worker to shutdown with reason: Scaling down because of idle timeout
AssetImportWorker is now disconnected from the server
Process exiting
Exiting without the bug reporter. Application will terminate with return code 0