Using pre-set license
Built from '2021.3/staging' branch; Version is '2021.3.3f1 (af2e63e8f9bd) revision 11480675'; Using compiler version '192829333'; Build Type 'Release'
OS: 'Windows 11  (10.0.22621) 64bit Professional' Language: 'tr' Physical Memory: 16293 MB
BatchMode: 1, IsHumanControllingUs: 0, StartBugReporterOnCrash: 0, Is64bit: 1, IsPro: 1

COMMAND LINE ARGUMENTS:
C:\Program Files\Unity\Hub\Editor\2021.3.3f1\Editor\Unity.exe
-adb2
-batchMode
-noUpm
-name
AssetImportWorker0
-projectPath
C:/Users/spide/Desktop/MoneyRun
-logFile
Logs/AssetImportWorker0.log
-srvPort
52298
Successfully changed project path to: C:/Users/spide/Desktop/MoneyRun
C:/Users/spide/Desktop/MoneyRun
[UnityMemory] Configuration Parameters - Can be set up in boot.config
    "memorysetup-bucket-allocator-granularity=16"
    "memorysetup-bucket-allocator-bucket-count=8"
    "memorysetup-bucket-allocator-block-size=33554432"
    "memorysetup-bucket-allocator-block-count=8"
    "memorysetup-main-allocator-block-size=16777216"
    "memorysetup-thread-allocator-block-size=16777216"
    "memorysetup-gfx-main-allocator-block-size=16777216"
    "memorysetup-gfx-thread-allocator-block-size=16777216"
    "memorysetup-cache-allocator-block-size=4194304"
    "memorysetup-typetree-allocator-block-size=2097152"
    "memorysetup-profiler-bucket-allocator-granularity=16"
    "memorysetup-profiler-bucket-allocator-bucket-count=8"
    "memorysetup-profiler-bucket-allocator-block-size=33554432"
    "memorysetup-profiler-bucket-allocator-block-count=8"
    "memorysetup-profiler-allocator-block-size=16777216"
    "memorysetup-profiler-editor-allocator-block-size=1048576"
    "memorysetup-temp-allocator-size-main=16777216"
    "memorysetup-job-temp-allocator-block-size=2097152"
    "memorysetup-job-temp-allocator-block-size-background=1048576"
    "memorysetup-job-temp-allocator-reduction-small-platforms=262144"
    "memorysetup-temp-allocator-size-background-worker=32768"
    "memorysetup-temp-allocator-size-job-worker=262144"
    "memorysetup-temp-allocator-size-preload-manager=33554432"
    "memorysetup-temp-allocator-size-nav-mesh-worker=65536"
    "memorysetup-temp-allocator-size-audio-worker=65536"
    "memorysetup-temp-allocator-size-cloud-worker=32768"
    "memorysetup-temp-allocator-size-gi-baking-worker=262144"
    "memorysetup-temp-allocator-size-gfx=262144"
Refreshing native plugins compatible for Editor in 92.17 ms, found 3 plugins.
Preloading 0 native plugins for Editor in 0.00 ms.
Initialize engine version: 2021.3.3f1 (af2e63e8f9bd)
[Subsystems] Discovering subsystems at path C:/Program Files/Unity/Hub/Editor/2021.3.3f1/Editor/Data/Resources/UnitySubsystems
[Subsystems] Discovering subsystems at path C:/Users/spide/Desktop/MoneyRun/Assets
GfxDevice: creating device client; threaded=0; jobified=0
Direct3D:
    Version:  Direct3D 11.0 [level 11.1]
    Renderer: NVIDIA GeForce GTX 1660 SUPER (ID=0x21c4)
    Vendor:   NVIDIA
    VRAM:     5980 MB
    Driver:   31.0.15.3640
Initialize mono
Mono path[0] = 'C:/Program Files/Unity/Hub/Editor/2021.3.3f1/Editor/Data/Managed'
Mono path[1] = 'C:/Program Files/Unity/Hub/Editor/2021.3.3f1/Editor/Data/MonoBleedingEdge/lib/mono/unityjit-win32'
Mono config path = 'C:/Program Files/Unity/Hub/Editor/2021.3.3f1/Editor/Data/MonoBleedingEdge/etc'
Using monoOptions --debugger-agent=transport=dt_socket,embedding=1,server=y,suspend=n,address=127.0.0.1:56788
Begin MonoManager ReloadAssembly
Registering precompiled unity dll's ...
Register platform support module: C:/Program Files/Unity/Hub/Editor/2021.3.3f1/Editor/Data/PlaybackEngines/AndroidPlayer/UnityEditor.Android.Extensions.dll
Register platform support module: C:/Program Files/Unity/Hub/Editor/2021.3.3f1/Editor/Data/PlaybackEngines/WindowsStandaloneSupport/UnityEditor.WindowsStandalone.Extensions.dll
Registered in 0.005317 seconds.
Native extension for WindowsStandalone target not found
Native extension for Android target not found
Refreshing native plugins compatible for Editor in 94.02 ms, found 3 plugins.
Preloading 0 native plugins for Editor in 0.00 ms.
Mono: successfully reloaded assembly
- Completed reload, in  0.624 seconds
Domain Reload Profiling:
	ReloadAssembly (625ms)
		BeginReloadAssembly (67ms)
			ExecutionOrderSort (0ms)
			DisableScriptedObjects (0ms)
			BackupInstance (0ms)
			ReleaseScriptingObjects (0ms)
			CreateAndSetChildDomain (1ms)
		EndReloadAssembly (456ms)
			LoadAssemblies (65ms)
			RebuildTransferFunctionScriptingTraits (0ms)
			SetupTypeCache (99ms)
			ReleaseScriptCaches (0ms)
			RebuildScriptCaches (32ms)
			SetupLoadedEditorAssemblies (277ms)
				LogAssemblyErrors (0ms)
				InitializePlatformSupportModulesInManaged (55ms)
				SetLoadedEditorAssemblies (0ms)
				RefreshPlugins (94ms)
				BeforeProcessingInitializeOnLoad (1ms)
				ProcessInitializeOnLoadAttributes (86ms)
				ProcessInitializeOnLoadMethodAttributes (40ms)
				AfterProcessingInitializeOnLoad (0ms)
				EditorAssembliesLoaded (0ms)
			ExecutionOrderSort2 (0ms)
			AwakeInstancesAfterBackupRestoration (0ms)
Platform modules already initialized, skipping
Registering precompiled user dll's ...
Registered in 0.007440 seconds.
Begin MonoManager ReloadAssembly
Symbol file LoadedFromMemory doesn't match image C:\Users\spide\Desktop\MoneyRun\Library\PackageCache\com.unity.visualscripting@1.8.0\Editor\VisualScripting.Core\Dependencies\YamlDotNet\Unity.VisualScripting.YamlDotNet.dll
Symbol file LoadedFromMemory doesn't match image C:\Users\spide\Desktop\MoneyRun\Library\PackageCache\com.unity.visualscripting@1.8.0\Editor\VisualScripting.Core\Dependencies\DotNetZip\Unity.VisualScripting.IonicZip.dll
Native extension for WindowsStandalone target not found
Native extension for Android target not found
Refreshing native plugins compatible for Editor in 0.67 ms, found 3 plugins.
Preloading 0 native plugins for Editor in 0.00 ms.
Mono: successfully reloaded assembly
- Completed reload, in  1.191 seconds
Domain Reload Profiling:
	ReloadAssembly (1192ms)
		BeginReloadAssembly (211ms)
			ExecutionOrderSort (0ms)
			DisableScriptedObjects (5ms)
			BackupInstance (0ms)
			ReleaseScriptingObjects (0ms)
			CreateAndSetChildDomain (122ms)
		EndReloadAssembly (875ms)
			LoadAssemblies (70ms)
			RebuildTransferFunctionScriptingTraits (0ms)
			SetupTypeCache (253ms)
			ReleaseScriptCaches (1ms)
			RebuildScriptCaches (48ms)
			SetupLoadedEditorAssemblies (465ms)
				LogAssemblyErrors (0ms)
				InitializePlatformSupportModulesInManaged (12ms)
				SetLoadedEditorAssemblies (0ms)
				RefreshPlugins (1ms)
				BeforeProcessingInitializeOnLoad (77ms)
				ProcessInitializeOnLoadAttributes (352ms)
				ProcessInitializeOnLoadMethodAttributes (16ms)
				AfterProcessingInitializeOnLoad (6ms)
				EditorAssembliesLoaded (0ms)
			ExecutionOrderSort2 (0ms)
			AwakeInstancesAfterBackupRestoration (5ms)
Platform modules already initialized, skipping
========================================================================
Worker process is ready to serve import requests
Launched and connected shader compiler UnityShaderCompiler.exe after 0.04 seconds
Refreshing native plugins compatible for Editor in 0.68 ms, found 3 plugins.
Preloading 0 native plugins for Editor in 0.00 ms.
Unloading 3195 Unused Serialized files (Serialized files now loaded: 0)
Unloading 33 unused Assets / (57.3 KB). Loaded Objects now: 3686.
Memory consumption went from 145.3 MB to 145.3 MB.
Total: 3.167100 ms (FindLiveObjects: 0.321500 ms CreateObjectMapping: 0.078900 ms MarkObjects: 2.675500 ms  DeleteObjects: 0.089900 ms)

AssetImportParameters requested are different than current active one (requested -> active):
  custom:video-decoder-ogg-theora: a1e56fd34408186e4bbccfd4996cb3dc -> 
  custom:container-muxer-webm: aa71ff27fc2769a1b78a27578f13a17b -> 
  custom:container-demuxer-webm: 4f35f7cbe854078d1ac9338744f61a02 -> 
  custom:video-encoder-webm-vp8: eb34c28f22e8b96e1ab97ce403110664 -> 
  custom:audio-encoder-webm-vorbis: bf7c407c2cedff20999df2af8eb42d56 -> 
  custom:framework-win-MediaFoundation: 216162199b28c13a410421893ffa2e32 -> 
  custom:container-demuxer-ogg: 62fdf1f143b41e24485cea50d1cbac27 -> 
  custom:video-decoder-webm-vp8: 9c59270c3fd7afecdb556c50c9e8de78 -> 
  custom:audio-decoder-ogg-vorbis: bf7c407c2cedff20999df2af8eb42d56 -> 
========================================================================
Received Import Request.
  Time since last request: 384430.623383 seconds.
  path: Assets/PROMETEO - Car Controller/Meshes
  artifactKey: Guid(e23afb62e6e509c4c8c3192f1993f7e0) Importer(815301076,1909f56bfc062723c751e8b465ee728b)
Start importing Assets/PROMETEO - Car Controller/Meshes using Guid(e23afb62e6e509c4c8c3192f1993f7e0) Importer(815301076,1909f56bfc062723c751e8b465ee728b)  -> (artifact id: '7b114023378ad2eb5e6d4d9368c14cef') in 0.014456 seconds 
========================================================================
Received Import Request.
  Time since last request: 0.000021 seconds.
  path: Assets/PROMETEO - Car Controller/Meshes/Prometheus.fbx
  artifactKey: Guid(2c403376ef1fe604d8de45d141d39b07) Importer(815301076,1909f56bfc062723c751e8b465ee728b)
Start importing Assets/PROMETEO - Car Controller/Meshes/Prometheus.fbx using Guid(2c403376ef1fe604d8de45d141d39b07) Importer(815301076,1909f56bfc062723c751e8b465ee728b)  -> (artifact id: '89918cf259c18b0d55169b745a3c3c42') in 0.180456 seconds 
========================================================================
Received Import Request.
  Time since last request: 23.818386 seconds.
  path: Assets/Resources/Levels/Level 1.prefab
  artifactKey: Guid(19c3b5e42e057e249836b498e4b46798) Importer(815301076,1909f56bfc062723c751e8b465ee728b)
Start importing Assets/Resources/Levels/Level 1.prefab using Guid(19c3b5e42e057e249836b498e4b46798) Importer(815301076,1909f56bfc062723c751e8b465ee728b) Tried select unknown importer for id '-2' '00000000000000000000000000000000'
 -> (artifact id: 'b9c6bb76b1f2c33bb92355cefff449ea') in 0.165533 seconds 
========================================================================
Received Import Request.
  Time since last request: 0.000034 seconds.
  path: Assets/Resources/Levels/Level 3.prefab
  artifactKey: Guid(6a197223bc10f2d409a2c3693e0428cf) Importer(815301076,1909f56bfc062723c751e8b465ee728b)
Start importing Assets/Resources/Levels/Level 3.prefab using Guid(6a197223bc10f2d409a2c3693e0428cf) Importer(815301076,1909f56bfc062723c751e8b465ee728b) Tried select unknown importer for id '-2' '00000000000000000000000000000000'
 -> (artifact id: '8ec67cb857a34d6fc2523a17f301873f') in 0.126605 seconds 
========================================================================
Received Import Request.
  Time since last request: 11.410129 seconds.
  path: Assets/Resources/Levels/Level 1.prefab
  artifactKey: Guid(19c3b5e42e057e249836b498e4b46798) Importer(815301076,1909f56bfc062723c751e8b465ee728b)
Start importing Assets/Resources/Levels/Level 1.prefab using Guid(19c3b5e42e057e249836b498e4b46798) Importer(815301076,1909f56bfc062723c751e8b465ee728b) Tried select unknown importer for id '-2' '00000000000000000000000000000000'
 -> (artifact id: '2be66b0d928bc2abc76f625929231780') in 0.124587 seconds 
========================================================================
Received Import Request.
  Time since last request: 3.711277 seconds.
  path: Assets/Resources/Levels/Level 1.prefab
  artifactKey: Guid(19c3b5e42e057e249836b498e4b46798) Importer(815301076,1909f56bfc062723c751e8b465ee728b)
Start importing Assets/Resources/Levels/Level 1.prefab using Guid(19c3b5e42e057e249836b498e4b46798) Importer(815301076,1909f56bfc062723c751e8b465ee728b) Tried select unknown importer for id '-2' '00000000000000000000000000000000'
 -> (artifact id: '37a4932e9ad98e02e582c0b5f1b26e4f') in 0.111786 seconds 
========================================================================
Received Import Request.
  Time since last request: 12.193309 seconds.
  path: Assets/PROMETEO - Car Controller/Materials/PCC_Col_Mat.mat
  artifactKey: Guid(2d997c6d92b71154e8dee74617594aea) Importer(815301076,1909f56bfc062723c751e8b465ee728b)
Start importing Assets/PROMETEO - Car Controller/Materials/PCC_Col_Mat.mat using Guid(2d997c6d92b71154e8dee74617594aea) Importer(815301076,1909f56bfc062723c751e8b465ee728b)  -> (artifact id: 'ab893ad2fa068d020235bb5b43ea2157') in 0.103078 seconds 
========================================================================
Received Import Request.
  Time since last request: 297.996156 seconds.
  path: Assets/Resources/Prefabs/Barricade.prefab
  artifactKey: Guid(b6c9a0dc1a54564408b93caacb7f4ec0) Importer(815301076,1909f56bfc062723c751e8b465ee728b)
Start importing Assets/Resources/Prefabs/Barricade.prefab using Guid(b6c9a0dc1a54564408b93caacb7f4ec0) Importer(815301076,1909f56bfc062723c751e8b465ee728b)  -> (artifact id: '559b7c37b996ef406935a2fb8c28d9a8') in 0.021080 seconds 
========================================================================
Received Import Request.
  Time since last request: 0.007336 seconds.
  path: Assets/Resources/Prefabs/Dollar.prefab
  artifactKey: Guid(9245d8bb1d0601543b0d41ea48275ba9) Importer(815301076,1909f56bfc062723c751e8b465ee728b)
Start importing Assets/Resources/Prefabs/Dollar.prefab using Guid(9245d8bb1d0601543b0d41ea48275ba9) Importer(815301076,1909f56bfc062723c751e8b465ee728b)  -> (artifact id: '39ce00e9f9b481bcfd4c5a3f7c41333c') in 0.025871 seconds 
========================================================================
Received Import Request.
  Time since last request: 0.000032 seconds.
  path: Assets/Resources/Prefabs/SlowDownHazard.prefab
  artifactKey: Guid(ecd45c4edd0d28940b2b94ec00763658) Importer(815301076,1909f56bfc062723c751e8b465ee728b)
Start importing Assets/Resources/Prefabs/SlowDownHazard.prefab using Guid(ecd45c4edd0d28940b2b94ec00763658) Importer(815301076,1909f56bfc062723c751e8b465ee728b)  -> (artifact id: 'b2b8550bc5c701e0e52a20dd82142de8') in 0.022271 seconds 
========================================================================
Received Import Request.
  Time since last request: 0.000022 seconds.
  path: Assets/Resources/Prefabs/CollectibleMagazine.prefab
  artifactKey: Guid(da19c50c759ea444380788c6334d4026) Importer(815301076,1909f56bfc062723c751e8b465ee728b)
Start importing Assets/Resources/Prefabs/CollectibleMagazine.prefab using Guid(da19c50c759ea444380788c6334d4026) Importer(815301076,1909f56bfc062723c751e8b465ee728b)  -> (artifact id: '99bc1e84399e9a7136bcba38fd8c7758') in 0.027418 seconds 
========================================================================
Received Import Request.
  Time since last request: 0.000030 seconds.
  path: Assets/Resources/Prefabs/MovingTrails.prefab
  artifactKey: Guid(b4f398415a60de247b715e984d0e70aa) Importer(815301076,1909f56bfc062723c751e8b465ee728b)
Start importing Assets/Resources/Prefabs/MovingTrails.prefab using Guid(b4f398415a60de247b715e984d0e70aa) Importer(815301076,1909f56bfc062723c751e8b465ee728b)  -> (artifact id: '9720a39437dc6f8c844e28e22be5d646') in 0.022648 seconds 
========================================================================
Received Import Request.
  Time since last request: 0.000029 seconds.
  path: Assets/Resources/Prefabs/GatePart.prefab
  artifactKey: Guid(b62349607c348484080dd1ff7f7d0ef5) Importer(815301076,1909f56bfc062723c751e8b465ee728b)
Start importing Assets/Resources/Prefabs/GatePart.prefab using Guid(b62349607c348484080dd1ff7f7d0ef5) Importer(815301076,1909f56bfc062723c751e8b465ee728b)  -> (artifact id: '13a08397e762deb2f1a8f744556ee630') in 0.046928 seconds 
========================================================================
Received Import Request.
  Time since last request: 0.000022 seconds.
  path: Assets/Resources/Prefabs/Bullet2.prefab
  artifactKey: Guid(687fa2c75b6fc2341bfd5ed4b2e54ffb) Importer(815301076,1909f56bfc062723c751e8b465ee728b)
Start importing Assets/Resources/Prefabs/Bullet2.prefab using Guid(687fa2c75b6fc2341bfd5ed4b2e54ffb) Importer(815301076,1909f56bfc062723c751e8b465ee728b)  -> (artifact id: '2b6a59b5587c566d8a7d1bc36abbcf01') in 0.019486 seconds 
========================================================================
Received Import Request.
  Time since last request: 0.000020 seconds.
  path: Assets/Resources/Prefabs/Dollar2.prefab
  artifactKey: Guid(f6c59574be6169747b29c9fe5eb0a31b) Importer(815301076,1909f56bfc062723c751e8b465ee728b)
Start importing Assets/Resources/Prefabs/Dollar2.prefab using Guid(f6c59574be6169747b29c9fe5eb0a31b) Importer(815301076,1909f56bfc062723c751e8b465ee728b)  -> (artifact id: '8532d11fb3bb60f52f60d9b58b8d83af') in 0.021690 seconds 
========================================================================
Received Import Request.
  Time since last request: 0.000019 seconds.
  path: Assets/Resources/Prefabs/doublegate.prefab
  artifactKey: Guid(7705a2615f633774c884b0e4b748e05d) Importer(815301076,1909f56bfc062723c751e8b465ee728b)
Start importing Assets/Resources/Prefabs/doublegate.prefab using Guid(7705a2615f633774c884b0e4b748e05d) Importer(815301076,1909f56bfc062723c751e8b465ee728b)  -> (artifact id: '50ca3a316ed90359a1278735623e722b') in 0.057479 seconds 
========================================================================
Received Import Request.
  Time since last request: 32.881368 seconds.
  path: Assets/MoneyRunnerAssets/MT_ATM/base atm material.mat
  artifactKey: Guid(ac9cf3dc61b0e2845abf3b4074d98781) Importer(815301076,1909f56bfc062723c751e8b465ee728b)
Start importing Assets/MoneyRunnerAssets/MT_ATM/base atm material.mat using Guid(ac9cf3dc61b0e2845abf3b4074d98781) Importer(815301076,1909f56bfc062723c751e8b465ee728b)  -> (artifact id: '9e9f347f9205a09d95642cc20e41a2dc') in 0.022959 seconds 
========================================================================
Received Import Request.
  Time since last request: 0.000021 seconds.
  path: Assets/VoodooPackages/SliderRamp/Demo/Textures/Cubemap_LancellottiChapel.jpg
  artifactKey: Guid(a2a7e5555aee0f047b8bcc3f85c8c68e) Importer(815301076,1909f56bfc062723c751e8b465ee728b)
Start importing Assets/VoodooPackages/SliderRamp/Demo/Textures/Cubemap_LancellottiChapel.jpg using Guid(a2a7e5555aee0f047b8bcc3f85c8c68e) Importer(815301076,1909f56bfc062723c751e8b465ee728b)  -> (artifact id: '4ee15f8882f071e88e24253a2adfb5ff') in 0.109002 seconds 
========================================================================
Received Import Request.
  Time since last request: 1.204253 seconds.
  path: Assets/NiceVibrations/Demos/_Common/Fonts/RobotoMono-Medium.ttf
  artifactKey: Guid(6c4b3165b37dc7046901fc3d4a0fcce5) Importer(815301076,1909f56bfc062723c751e8b465ee728b)
Start importing Assets/NiceVibrations/Demos/_Common/Fonts/RobotoMono-Medium.ttf using Guid(6c4b3165b37dc7046901fc3d4a0fcce5) Importer(815301076,1909f56bfc062723c751e8b465ee728b)  -> (artifact id: 'fa42a25b774a0791b5b84869b41edc23') in 0.040625 seconds 
========================================================================
Received Import Request.
  Time since last request: 0.000030 seconds.
  path: Assets/HOMA_ArcadeIdle_UIassets/Fonts/TitanOne/TitanOne.ttf
  artifactKey: Guid(ee5298ed1742cda48aec20da043d51ee) Importer(815301076,1909f56bfc062723c751e8b465ee728b)
Start importing Assets/HOMA_ArcadeIdle_UIassets/Fonts/TitanOne/TitanOne.ttf using Guid(ee5298ed1742cda48aec20da043d51ee) Importer(815301076,1909f56bfc062723c751e8b465ee728b)  -> (artifact id: '269518798bb6ec0c3626e2712d2490e7') in 0.012392 seconds 
========================================================================
Received Import Request.
  Time since last request: 0.000031 seconds.
  path: Assets/MoneyRunnerAssets/Materials/Material.001.mat
  artifactKey: Guid(766f197c107be404fb27cfebe4f2f399) Importer(815301076,1909f56bfc062723c751e8b465ee728b)
Start importing Assets/MoneyRunnerAssets/Materials/Material.001.mat using Guid(766f197c107be404fb27cfebe4f2f399) Importer(815301076,1909f56bfc062723c751e8b465ee728b)  -> (artifact id: '7d0144f711123b0ddf94f371193d1d16') in 0.019526 seconds 
========================================================================
Received Import Request.
  Time since last request: 0.000049 seconds.
  path: Assets/HOMA_ArcadeIdle_UIassets/Fonts/BoomBoom/BoomBoom.otf
  artifactKey: Guid(ff22f3ba30a84b747be75f9a4a31eb3d) Importer(815301076,1909f56bfc062723c751e8b465ee728b)
Start importing Assets/HOMA_ArcadeIdle_UIassets/Fonts/BoomBoom/BoomBoom.otf using Guid(ff22f3ba30a84b747be75f9a4a31eb3d) Importer(815301076,1909f56bfc062723c751e8b465ee728b)  -> (artifact id: '5d6499791ffed78a02e7aba46dda0484') in 0.024696 seconds 
========================================================================
Received Import Request.
  Time since last request: 0.000028 seconds.
  path: Assets/Plugins/Demigiant/DemiLib/Core/Editor/Imgs/project/ico_materials.png
  artifactKey: Guid(e02713e10d7aced44a7a651231f0adef) Importer(815301076,1909f56bfc062723c751e8b465ee728b)
Start importing Assets/Plugins/Demigiant/DemiLib/Core/Editor/Imgs/project/ico_materials.png using Guid(e02713e10d7aced44a7a651231f0adef) Importer(815301076,1909f56bfc062723c751e8b465ee728b)  -> (artifact id: 'f8c24a0741d92a46cfaafe7777030a77') in 0.020551 seconds 
========================================================================
Received Import Request.
  Time since last request: 2.650596 seconds.
  path: Assets/VoodooPackages/SliderRamp/Demo/Materials/GrassGround.mat
  artifactKey: Guid(b6c5fee5e8e5142c788359e7c9fcb4d9) Importer(815301076,1909f56bfc062723c751e8b465ee728b)
Start importing Assets/VoodooPackages/SliderRamp/Demo/Materials/GrassGround.mat using Guid(b6c5fee5e8e5142c788359e7c9fcb4d9) Importer(815301076,1909f56bfc062723c751e8b465ee728b)  -> (artifact id: '759b9f8a2832f11fa54f4de8d77bd229') in 0.025067 seconds 
========================================================================
Received Import Request.
  Time since last request: 0.000023 seconds.
  path: Assets/VoodooPackages/SliderRamp/Demo/Materials/SliderRampSpecRimNormal.mat
  artifactKey: Guid(93f4ebfc994a941beaa8b91c4827dd56) Importer(815301076,1909f56bfc062723c751e8b465ee728b)
Start importing Assets/VoodooPackages/SliderRamp/Demo/Materials/SliderRampSpecRimNormal.mat using Guid(93f4ebfc994a941beaa8b91c4827dd56) Importer(815301076,1909f56bfc062723c751e8b465ee728b)  -> (artifact id: 'e1e91cb46e7c16b1f30f4c04efeb8615') in 0.142702 seconds 
========================================================================
Received Import Request.
  Time since last request: 0.000028 seconds.
  path: Assets/VoodooPackages/SliderRamp/Demo/Materials/SliderRampMultiTexture.mat
  artifactKey: Guid(eaa233723e9434f4eaf48393d282c995) Importer(815301076,1909f56bfc062723c751e8b465ee728b)
Start importing Assets/VoodooPackages/SliderRamp/Demo/Materials/SliderRampMultiTexture.mat using Guid(eaa233723e9434f4eaf48393d282c995) Importer(815301076,1909f56bfc062723c751e8b465ee728b)  -> (artifact id: '90542b1407785192302388020d22cd7b') in 0.167027 seconds 
========================================================================
Received Import Request.
  Time since last request: 0.000039 seconds.
  path: Assets/VoodooPackages/SliderRamp/Demo/Materials/SliderRampSilhouette.mat
  artifactKey: Guid(9ad318d48f57745659c5852c987861b2) Importer(815301076,1909f56bfc062723c751e8b465ee728b)
Start importing Assets/VoodooPackages/SliderRamp/Demo/Materials/SliderRampSilhouette.mat using Guid(9ad318d48f57745659c5852c987861b2) Importer(815301076,1909f56bfc062723c751e8b465ee728b)  -> (artifact id: '7dbf84fc83dbfede66a3924f7d41b22c') in 0.176742 seconds 
========================================================================
Received Import Request.
  Time since last request: 0.000027 seconds.
  path: Assets/VoodooPackages/SliderRamp/Demo/Materials/SliderRampSpecular.mat
  artifactKey: Guid(7162d86f0c52d4e72b1d5fd0fd607b3d) Importer(815301076,1909f56bfc062723c751e8b465ee728b)
Start importing Assets/VoodooPackages/SliderRamp/Demo/Materials/SliderRampSpecular.mat using Guid(7162d86f0c52d4e72b1d5fd0fd607b3d) Importer(815301076,1909f56bfc062723c751e8b465ee728b)  -> (artifact id: '79126038638eea03c4c8d2b114624ff7') in 0.127527 seconds 
========================================================================
Received Import Request.
  Time since last request: 32.855756 seconds.
  path: Assets/MoneyRunnerAssets/Hand.fbx
  artifactKey: Guid(30c4d3802ebc13341a90520f1c18c038) Importer(815301076,1909f56bfc062723c751e8b465ee728b)
Start importing Assets/MoneyRunnerAssets/Hand.fbx using Guid(30c4d3802ebc13341a90520f1c18c038) Importer(815301076,1909f56bfc062723c751e8b465ee728b)  -> (artifact id: 'bf9ab2aade2ab58e5dc7d3ba546f2507') in 0.050801 seconds 
========================================================================
Received Import Request.
  Time since last request: 0.000026 seconds.
  path: Assets/MoneyRunnerAssets/magazin1.mat
  artifactKey: Guid(29c6d0189b49c0c4696c078047382c68) Importer(815301076,1909f56bfc062723c751e8b465ee728b)
Start importing Assets/MoneyRunnerAssets/magazin1.mat using Guid(29c6d0189b49c0c4696c078047382c68) Importer(815301076,1909f56bfc062723c751e8b465ee728b)  -> (artifact id: '73f144d5b060f79df98fc199c8a5360b') in 0.020532 seconds 
========================================================================
Received Import Request.
  Time since last request: 0.000020 seconds.
  path: Assets/MoneyRunnerAssets/M_3Obstackle.fbx
  artifactKey: Guid(ad7ba3b2f0960cd4db499d0d2fb3ecb5) Importer(815301076,1909f56bfc062723c751e8b465ee728b)
Start importing Assets/MoneyRunnerAssets/M_3Obstackle.fbx using Guid(ad7ba3b2f0960cd4db499d0d2fb3ecb5) Importer(815301076,1909f56bfc062723c751e8b465ee728b)  -> (artifact id: 'd37bf81400cd4ccd058944be2399ba7a') in 0.036631 seconds 
========================================================================
Received Import Request.
  Time since last request: 39.153896 seconds.
  path: Assets/Materials/YanPlaneMeteryali 1.mat
  artifactKey: Guid(6e03177f9d339a947a0576255c5a8e7b) Importer(815301076,1909f56bfc062723c751e8b465ee728b)
Start importing Assets/Materials/YanPlaneMeteryali 1.mat using Guid(6e03177f9d339a947a0576255c5a8e7b) Importer(815301076,1909f56bfc062723c751e8b465ee728b)  -> (artifact id: '2f93e92306a55318e27f10a3e78c7bd8') in 0.015520 seconds 
========================================================================
Received Import Request.
  Time since last request: 601.212413 seconds.
  path: Assets/Resources/Levels/Level 2.prefab
  artifactKey: Guid(b064cbe9bcfc607489e3f90c5d8b6fb6) Importer(815301076,1909f56bfc062723c751e8b465ee728b)
Start importing Assets/Resources/Levels/Level 2.prefab using Guid(b064cbe9bcfc607489e3f90c5d8b6fb6) Importer(815301076,1909f56bfc062723c751e8b465ee728b) Tried select unknown importer for id '-2' '00000000000000000000000000000000'
 -> (artifact id: 'b6ff4d50401079201ea9bce797118001') in 0.139976 seconds 
========================================================================
Received Import Request.
  Time since last request: 0.000035 seconds.
  path: Assets/Resources/Levels/Level 3.prefab
  artifactKey: Guid(6a197223bc10f2d409a2c3693e0428cf) Importer(815301076,1909f56bfc062723c751e8b465ee728b)
Start importing Assets/Resources/Levels/Level 3.prefab using Guid(6a197223bc10f2d409a2c3693e0428cf) Importer(815301076,1909f56bfc062723c751e8b465ee728b) Tried select unknown importer for id '-2' '00000000000000000000000000000000'
 -> (artifact id: 'f56dfe43e174b423662410eabf68b60e') in 0.108025 seconds 
========================================================================
Received Import Request.
  Time since last request: 40.672346 seconds.
  path: Assets/Resources/Prefabs/Gate.prefab
  artifactKey: Guid(6d1734e8263d92c4db119aa6c840b2cc) Importer(815301076,1909f56bfc062723c751e8b465ee728b)
Start importing Assets/Resources/Prefabs/Gate.prefab using Guid(6d1734e8263d92c4db119aa6c840b2cc) Importer(815301076,1909f56bfc062723c751e8b465ee728b)  -> (artifact id: '29a44b46d83c89d40bb25cabeb1be07d') in 0.036911 seconds 
========================================================================
Received Import Request.
  Time since last request: 0.780688 seconds.
  path: Assets/Resources/Prefabs/Gate.prefab
  artifactKey: Guid(6d1734e8263d92c4db119aa6c840b2cc) Importer(815301076,1909f56bfc062723c751e8b465ee728b)
Start importing Assets/Resources/Prefabs/Gate.prefab using Guid(6d1734e8263d92c4db119aa6c840b2cc) Importer(815301076,1909f56bfc062723c751e8b465ee728b)  -> (artifact id: '2e2b95e591917ea9159fb93b99d576d8') in 0.040770 seconds 
========================================================================
Received Import Request.
  Time since last request: 0.951226 seconds.
  path: Assets/Resources/Prefabs/Gate.prefab
  artifactKey: Guid(6d1734e8263d92c4db119aa6c840b2cc) Importer(815301076,1909f56bfc062723c751e8b465ee728b)
Start importing Assets/Resources/Prefabs/Gate.prefab using Guid(6d1734e8263d92c4db119aa6c840b2cc) Importer(815301076,1909f56bfc062723c751e8b465ee728b)  -> (artifact id: '1d7a221ffa54e1124af89be5e6b55f71') in 0.042055 seconds 
========================================================================
Received Import Request.
  Time since last request: 0.928717 seconds.
  path: Assets/Resources/Prefabs/Gate.prefab
  artifactKey: Guid(6d1734e8263d92c4db119aa6c840b2cc) Importer(815301076,1909f56bfc062723c751e8b465ee728b)
Start importing Assets/Resources/Prefabs/Gate.prefab using Guid(6d1734e8263d92c4db119aa6c840b2cc) Importer(815301076,1909f56bfc062723c751e8b465ee728b)  -> (artifact id: '825dc6c37c3bbfe585a117092cd4ac22') in 0.043458 seconds 
========================================================================
Received Import Request.
  Time since last request: 2.001140 seconds.
  path: Assets/Resources/Prefabs/Gate.prefab
  artifactKey: Guid(6d1734e8263d92c4db119aa6c840b2cc) Importer(815301076,1909f56bfc062723c751e8b465ee728b)
Start importing Assets/Resources/Prefabs/Gate.prefab using Guid(6d1734e8263d92c4db119aa6c840b2cc) Importer(815301076,1909f56bfc062723c751e8b465ee728b)  -> (artifact id: '93ebcc8229283315703bec6f7a3c22b7') in 0.043867 seconds 
========================================================================
Received Import Request.
  Time since last request: 2.733963 seconds.
  path: Assets/Resources/Prefabs/Gate.prefab
  artifactKey: Guid(6d1734e8263d92c4db119aa6c840b2cc) Importer(815301076,1909f56bfc062723c751e8b465ee728b)
Start importing Assets/Resources/Prefabs/Gate.prefab using Guid(6d1734e8263d92c4db119aa6c840b2cc) Importer(815301076,1909f56bfc062723c751e8b465ee728b)  -> (artifact id: 'b4c090af96c0bca1017c15b46a47df56') in 0.045166 seconds 
========================================================================
Received Import Request.
  Time since last request: 0.794147 seconds.
  path: Assets/Resources/Prefabs/Gate.prefab
  artifactKey: Guid(6d1734e8263d92c4db119aa6c840b2cc) Importer(815301076,1909f56bfc062723c751e8b465ee728b)
Start importing Assets/Resources/Prefabs/Gate.prefab using Guid(6d1734e8263d92c4db119aa6c840b2cc) Importer(815301076,1909f56bfc062723c751e8b465ee728b)  -> (artifact id: '2baa155786f72f4a9b0f82d96212a7ab') in 0.042700 seconds 
========================================================================
Received Prepare
Registering precompiled user dll's ...
Registered in 0.007531 seconds.
Begin MonoManager ReloadAssembly
Symbol file LoadedFromMemory doesn't match image C:\Users\spide\Desktop\MoneyRun\Library\PackageCache\com.unity.visualscripting@1.8.0\Editor\VisualScripting.Core\Dependencies\YamlDotNet\Unity.VisualScripting.YamlDotNet.dll
Symbol file LoadedFromMemory doesn't match image C:\Users\spide\Desktop\MoneyRun\Library\PackageCache\com.unity.visualscripting@1.8.0\Editor\VisualScripting.Core\Dependencies\DotNetZip\Unity.VisualScripting.IonicZip.dll
Native extension for WindowsStandalone target not found
Native extension for Android target not found
Refreshing native plugins compatible for Editor in 0.74 ms, found 3 plugins.
Preloading 0 native plugins for Editor in 0.00 ms.
Mono: successfully reloaded assembly
- Completed reload, in  1.077 seconds
Domain Reload Profiling:
	ReloadAssembly (1077ms)
		BeginReloadAssembly (128ms)
			ExecutionOrderSort (0ms)
			DisableScriptedObjects (4ms)
			BackupInstance (0ms)
			ReleaseScriptingObjects (0ms)
			CreateAndSetChildDomain (41ms)
		EndReloadAssembly (851ms)
			LoadAssemblies (77ms)
			RebuildTransferFunctionScriptingTraits (0ms)
			SetupTypeCache (255ms)
			ReleaseScriptCaches (1ms)
			RebuildScriptCaches (38ms)
			SetupLoadedEditorAssemblies (441ms)
				LogAssemblyErrors (0ms)
				InitializePlatformSupportModulesInManaged (20ms)
				SetLoadedEditorAssemblies (0ms)
				RefreshPlugins (1ms)
				BeforeProcessingInitializeOnLoad (63ms)
				ProcessInitializeOnLoadAttributes (333ms)
				ProcessInitializeOnLoadMethodAttributes (16ms)
				AfterProcessingInitializeOnLoad (8ms)
				EditorAssembliesLoaded (0ms)
			ExecutionOrderSort2 (0ms)
			AwakeInstancesAfterBackupRestoration (8ms)
Platform modules already initialized, skipping
Refreshing native plugins compatible for Editor in 3.23 ms, found 3 plugins.
Preloading 0 native plugins for Editor in 0.00 ms.
Unloading 3149 Unused Serialized files (Serialized files now loaded: 0)
Unloading 27 unused Assets / (25.4 KB). Loaded Objects now: 3745.
Memory consumption went from 159.8 MB to 159.7 MB.
Total: 3.764500 ms (FindLiveObjects: 0.374000 ms CreateObjectMapping: 0.070500 ms MarkObjects: 3.260100 ms  DeleteObjects: 0.058600 ms)

AssetImportParameters requested are different than current active one (requested -> active):
  custom:video-decoder-ogg-theora: a1e56fd34408186e4bbccfd4996cb3dc -> 
  custom:container-muxer-webm: aa71ff27fc2769a1b78a27578f13a17b -> 
  custom:container-demuxer-webm: 4f35f7cbe854078d1ac9338744f61a02 -> 
  custom:video-encoder-webm-vp8: eb34c28f22e8b96e1ab97ce403110664 -> 
  custom:audio-encoder-webm-vorbis: bf7c407c2cedff20999df2af8eb42d56 -> 
  custom:framework-win-MediaFoundation: 216162199b28c13a410421893ffa2e32 -> 
  custom:container-demuxer-ogg: 62fdf1f143b41e24485cea50d1cbac27 -> 
  custom:video-decoder-webm-vp8: 9c59270c3fd7afecdb556c50c9e8de78 -> 
  custom:audio-decoder-ogg-vorbis: bf7c407c2cedff20999df2af8eb42d56 -> 
========================================================================
Received Import Request.
  Time since last request: 14.401867 seconds.
  path: Assets/Resources/Prefabs/doublegate.prefab
  artifactKey: Guid(7705a2615f633774c884b0e4b748e05d) Importer(815301076,1909f56bfc062723c751e8b465ee728b)
Start importing Assets/Resources/Prefabs/doublegate.prefab using Guid(7705a2615f633774c884b0e4b748e05d) Importer(815301076,1909f56bfc062723c751e8b465ee728b)  -> (artifact id: 'a66fb0df85c1e6991d5f068aad96ebf0') in 0.135945 seconds 
========================================================================
Received Import Request.
  Time since last request: 17.553254 seconds.
  path: Assets/Resources/Prefabs/Gate.prefab
  artifactKey: Guid(6d1734e8263d92c4db119aa6c840b2cc) Importer(815301076,1909f56bfc062723c751e8b465ee728b)
Start importing Assets/Resources/Prefabs/Gate.prefab using Guid(6d1734e8263d92c4db119aa6c840b2cc) Importer(815301076,1909f56bfc062723c751e8b465ee728b)  -> (artifact id: '014227516ec7a960f8cebdd6b3068cc6') in 0.044866 seconds 
========================================================================
Received Import Request.
  Time since last request: 0.000022 seconds.
  path: Assets/Resources/Prefabs/GateWithBarricade.prefab
  artifactKey: Guid(16fb1ce7e9d2be4448504f56586a066a) Importer(815301076,1909f56bfc062723c751e8b465ee728b)
Start importing Assets/Resources/Prefabs/GateWithBarricade.prefab using Guid(16fb1ce7e9d2be4448504f56586a066a) Importer(815301076,1909f56bfc062723c751e8b465ee728b)  -> (artifact id: 'be8187c67c57b213b713fc642cd2f07d') in 0.044786 seconds 
========================================================================
Received Import Request.
  Time since last request: 0.000021 seconds.
  path: Assets/Resources/Prefabs/PiggyBank.prefab
  artifactKey: Guid(218e7d5a444cb7043b705ea0c7230bff) Importer(815301076,1909f56bfc062723c751e8b465ee728b)
Start importing Assets/Resources/Prefabs/PiggyBank.prefab using Guid(218e7d5a444cb7043b705ea0c7230bff) Importer(815301076,1909f56bfc062723c751e8b465ee728b)  -> (artifact id: 'ca6ecfccf7506d911a28f2522dd408b6') in 0.042291 seconds 
========================================================================
Received Prepare
Registering precompiled user dll's ...
Registered in 0.006866 seconds.
Begin MonoManager ReloadAssembly
Symbol file LoadedFromMemory doesn't match image C:\Users\spide\Desktop\MoneyRun\Library\PackageCache\com.unity.visualscripting@1.8.0\Editor\VisualScripting.Core\Dependencies\YamlDotNet\Unity.VisualScripting.YamlDotNet.dll
Symbol file LoadedFromMemory doesn't match image C:\Users\spide\Desktop\MoneyRun\Library\PackageCache\com.unity.visualscripting@1.8.0\Editor\VisualScripting.Core\Dependencies\DotNetZip\Unity.VisualScripting.IonicZip.dll
Native extension for WindowsStandalone target not found
Native extension for Android target not found
Refreshing native plugins compatible for Editor in 0.78 ms, found 3 plugins.
Preloading 0 native plugins for Editor in 0.00 ms.
Mono: successfully reloaded assembly
- Completed reload, in  1.211 seconds
Domain Reload Profiling:
	ReloadAssembly (1212ms)
		BeginReloadAssembly (145ms)
			ExecutionOrderSort (0ms)
			DisableScriptedObjects (6ms)
			BackupInstance (0ms)
			ReleaseScriptingObjects (0ms)
			CreateAndSetChildDomain (47ms)
		EndReloadAssembly (962ms)
			LoadAssemblies (81ms)
			RebuildTransferFunctionScriptingTraits (0ms)
			SetupTypeCache (257ms)
			ReleaseScriptCaches (1ms)
			RebuildScriptCaches (51ms)
			SetupLoadedEditorAssemblies (517ms)
				LogAssemblyErrors (0ms)
				InitializePlatformSupportModulesInManaged (19ms)
				SetLoadedEditorAssemblies (0ms)
				RefreshPlugins (1ms)
				BeforeProcessingInitializeOnLoad (67ms)
				ProcessInitializeOnLoadAttributes (400ms)
				ProcessInitializeOnLoadMethodAttributes (22ms)
				AfterProcessingInitializeOnLoad (7ms)
				EditorAssembliesLoaded (0ms)
			ExecutionOrderSort2 (0ms)
			AwakeInstancesAfterBackupRestoration (7ms)
Platform modules already initialized, skipping
Refreshing native plugins compatible for Editor in 3.46 ms, found 3 plugins.
Preloading 0 native plugins for Editor in 0.00 ms.
Unloading 3149 Unused Serialized files (Serialized files now loaded: 0)
Unloading 26 unused Assets / (25.2 KB). Loaded Objects now: 3748.
Memory consumption went from 159.8 MB to 159.7 MB.
Total: 3.570800 ms (FindLiveObjects: 0.317500 ms CreateObjectMapping: 0.069800 ms MarkObjects: 3.154600 ms  DeleteObjects: 0.027100 ms)

AssetImportParameters requested are different than current active one (requested -> active):
  custom:video-decoder-ogg-theora: a1e56fd34408186e4bbccfd4996cb3dc -> 
  custom:container-muxer-webm: aa71ff27fc2769a1b78a27578f13a17b -> 
  custom:container-demuxer-webm: 4f35f7cbe854078d1ac9338744f61a02 -> 
  custom:video-encoder-webm-vp8: eb34c28f22e8b96e1ab97ce403110664 -> 
  custom:audio-encoder-webm-vorbis: bf7c407c2cedff20999df2af8eb42d56 -> 
  custom:framework-win-MediaFoundation: 216162199b28c13a410421893ffa2e32 -> 
  custom:container-demuxer-ogg: 62fdf1f143b41e24485cea50d1cbac27 -> 
  custom:video-decoder-webm-vp8: 9c59270c3fd7afecdb556c50c9e8de78 -> 
  custom:audio-decoder-ogg-vorbis: bf7c407c2cedff20999df2af8eb42d56 -> 
Editor requested this worker to shutdown with reason: Scaling down because of idle timeout
AssetImportWorker is now disconnected from the server
Process exiting
Exiting without the bug reporter. Application will terminate with return code 0